[ 2017-12-28T17:17:46+08:00 ] 127.0.0.1 /
INFO: [ app_init ] --START--
INFO: Run Behavior\BuildLiteBehavior [ RunTime:0.000000s ]
INFO: [ app_init ] --END-- [ RunTime:0.000000s ]
INFO: [ app_begin ] --START--
INFO: Run Behavior\ReadHtmlCacheBehavior [ RunTime:0.014001s ]
INFO: [ app_begin ] --END-- [ RunTime:0.014001s ]
NOTIC: [8192] mysql_connect(): The mysql extension is deprecated and will be removed in the future: use mysqli or PDO instead D:\wamp\www\zhongmai\Libs\ThinkPHP\Library\Think\Db\Driver\Mysql.class.php ç¬¬ 52 è¡Œ.
NOTIC: [2] mysql_connect():  D:\wamp\www\zhongmai\Libs\ThinkPHP\Library\Think\Db\Driver\Mysql.class.php ç¬¬ 52 è¡Œ.
ERR: Accès refusé pour l'utilisateur: 'a0824181402'@'@localhost' (mot de passe: OUI)

[ 2017-12-28T17:19:50+08:00 ] 127.0.0.1 /
INFO: [ app_init ] --START--
INFO: Run Behavior\BuildLiteBehavior [ RunTime:0.001000s ]
INFO: [ app_init ] --END-- [ RunTime:0.001000s ]
INFO: [ app_begin ] --START--
INFO: Run Behavior\ReadHtmlCacheBehavior [ RunTime:0.001000s ]
INFO: [ app_begin ] --END-- [ RunTime:0.001000s ]
NOTIC: [8192] mysql_connect(): The mysql extension is deprecated and will be removed in the future: use mysqli or PDO instead D:\wamp\www\zhongmai\Libs\ThinkPHP\Library\Think\Db\Driver\Mysql.class.php ç¬¬ 52 è¡Œ.
SQL: SHOW COLUMNS FROM `app_about` [ RunTime:0.003000s ]
SQL: SELECT * FROM `app_about`  [ RunTime:0.001000s ]
NOTIC: [8] Undefined index: key D:\wamp\www\zhongmai\App\Home\Controller\CommonController.class.php ç¬¬ 34 è¡Œ.
SQL: SHOW COLUMNS FROM `app_banners` [ RunTime:0.004000s ]
SQL: SELECT * FROM `app_banners` WHERE ( `type` = 1 ) AND ( `display` = 1 ) ORDER BY sort asc  [ RunTime:0.000000s ]
SQL: SHOW COLUMNS FROM `app_products` [ RunTime:0.003001s ]
SQL: SELECT * FROM `app_products` ORDER BY hit desc,id desc LIMIT 16   [ RunTime:0.000000s ]
SQL: SHOW COLUMNS FROM `app_pro_img` [ RunTime:0.003000s ]
SQL: SELECT `name` FROM `app_pro_img` WHERE ( `n_id` = 40 ) AND ( `type` = 1 ) AND ( `flag` = 1 ) LIMIT 1   [ RunTime:0.000000s ]
SQL: SELECT `name` FROM `app_pro_img` WHERE ( `n_id` = 40 ) AND ( `type` = 1 ) ORDER BY f_id asc LIMIT 1   [ RunTime:0.001000s ]
SQL: SELECT `name` FROM `app_pro_img` WHERE ( `n_id` = 39 ) AND ( `type` = 1 ) AND ( `flag` = 1 ) LIMIT 1   [ RunTime:0.000000s ]
SQL: SELECT `name` FROM `app_pro_img` WHERE ( `n_id` = 39 ) AND ( `type` = 1 ) ORDER BY f_id asc LIMIT 1   [ RunTime:0.001000s ]
SQL: SELECT `name` FROM `app_pro_img` WHERE ( `n_id` = 37 ) AND ( `type` = 1 ) AND ( `flag` = 1 ) LIMIT 1   [ RunTime:0.000000s ]
SQL: SELECT `name` FROM `app_pro_img` WHERE ( `n_id` = 37 ) AND ( `type` = 1 ) ORDER BY f_id asc LIMIT 1   [ RunTime:0.000000s ]
SQL: SELECT `name` FROM `app_pro_img` WHERE ( `n_id` = 33 ) AND ( `type` = 1 ) AND ( `flag` = 1 ) LIMIT 1   [ RunTime:0.000000s ]
SQL: SELECT `name` FROM `app_pro_img` WHERE ( `n_id` = 33 ) AND ( `type` = 1 ) ORDER BY f_id asc LIMIT 1   [ RunTime:0.001000s ]
SQL: SELECT `name` FROM `app_pro_img` WHERE ( `n_id` = 25 ) AND ( `type` = 1 ) AND ( `flag` = 1 ) LIMIT 1   [ RunTime:0.001000s ]
SQL: SELECT `name` FROM `app_pro_img` WHERE ( `n_id` = 25 ) AND ( `type` = 1 ) ORDER BY f_id asc LIMIT 1   [ RunTime:0.001001s ]
SQL: SELECT `name` FROM `app_pro_img` WHERE ( `n_id` = 57 ) AND ( `type` = 1 ) AND ( `flag` = 1 ) LIMIT 1   [ RunTime:0.001000s ]
SQL: SELECT `name` FROM `app_pro_img` WHERE ( `n_id` = 57 ) AND ( `type` = 1 ) ORDER BY f_id asc LIMIT 1   [ RunTime:0.001000s ]
SQL: SELECT `name` FROM `app_pro_img` WHERE ( `n_id` = 28 ) AND ( `type` = 1 ) AND ( `flag` = 1 ) LIMIT 1   [ RunTime:0.000000s ]
SQL: SELECT `name` FROM `app_pro_img` WHERE ( `n_id` = 28 ) AND ( `type` = 1 ) ORDER BY f_id asc LIMIT 1   [ RunTime:0.000000s ]
SQL: SELECT `name` FROM `app_pro_img` WHERE ( `n_id` = 46 ) AND ( `type` = 1 ) AND ( `flag` = 1 ) LIMIT 1   [ RunTime:0.000000s ]
SQL: SELECT `name` FROM `app_pro_img` WHERE ( `n_id` = 46 ) AND ( `type` = 1 ) ORDER BY f_id asc LIMIT 1   [ RunTime:0.001000s ]
SQL: SELECT `name` FROM `app_pro_img` WHERE ( `n_id` = 60 ) AND ( `type` = 1 ) AND ( `flag` = 1 ) LIMIT 1   [ RunTime:0.001000s ]
SQL: SELECT `name` FROM `app_pro_img` WHERE ( `n_id` = 60 ) AND ( `type` = 1 ) ORDER BY f_id asc LIMIT 1   [ RunTime:0.001000s ]
SQL: SELECT `name` FROM `app_pro_img` WHERE ( `n_id` = 59 ) AND ( `type` = 1 ) AND ( `flag` = 1 ) LIMIT 1   [ RunTime:0.000000s ]
SQL: SELECT `name` FROM `app_pro_img` WHERE ( `n_id` = 59 ) AND ( `type` = 1 ) ORDER BY f_id asc LIMIT 1   [ RunTime:0.000000s ]
SQL: SELECT `name` FROM `app_pro_img` WHERE ( `n_id` = 58 ) AND ( `type` = 1 ) AND ( `flag` = 1 ) LIMIT 1   [ RunTime:0.000000s ]
SQL: SELECT `name` FROM `app_pro_img` WHERE ( `n_id` = 58 ) AND ( `type` = 1 ) ORDER BY f_id asc LIMIT 1   [ RunTime:0.001000s ]
SQL: SELECT `name` FROM `app_pro_img` WHERE ( `n_id` = 56 ) AND ( `type` = 1 ) AND ( `flag` = 1 ) LIMIT 1   [ RunTime:0.000000s ]
SQL: SELECT `name` FROM `app_pro_img` WHERE ( `n_id` = 56 ) AND ( `type` = 1 ) ORDER BY f_id asc LIMIT 1   [ RunTime:0.000000s ]
SQL: SELECT `name` FROM `app_pro_img` WHERE ( `n_id` = 55 ) AND ( `type` = 1 ) AND ( `flag` = 1 ) LIMIT 1   [ RunTime:0.000000s ]
SQL: SELECT `name` FROM `app_pro_img` WHERE ( `n_id` = 55 ) AND ( `type` = 1 ) ORDER BY f_id asc LIMIT 1   [ RunTime:0.000000s ]
SQL: SELECT `name` FROM `app_pro_img` WHERE ( `n_id` = 44 ) AND ( `type` = 1 ) AND ( `flag` = 1 ) LIMIT 1   [ RunTime:0.000000s ]
SQL: SELECT `name` FROM `app_pro_img` WHERE ( `n_id` = 44 ) AND ( `type` = 1 ) ORDER BY f_id asc LIMIT 1   [ RunTime:0.000000s ]
SQL: SELECT `name` FROM `app_pro_img` WHERE ( `n_id` = 32 ) AND ( `type` = 1 ) AND ( `flag` = 1 ) LIMIT 1   [ RunTime:0.000000s ]
SQL: SELECT `name` FROM `app_pro_img` WHERE ( `n_id` = 32 ) AND ( `type` = 1 ) ORDER BY f_id asc LIMIT 1   [ RunTime:0.000000s ]
SQL: SELECT `name` FROM `app_pro_img` WHERE ( `n_id` = 27 ) AND ( `type` = 1 ) AND ( `flag` = 1 ) LIMIT 1   [ RunTime:0.000000s ]
SQL: SELECT `name` FROM `app_pro_img` WHERE ( `n_id` = 27 ) AND ( `type` = 1 ) ORDER BY f_id asc LIMIT 1   [ RunTime:0.000000s ]
SQL: SELECT * FROM `app_products` WHERE ( `ishui` = 1 ) ORDER BY id desc LIMIT 12   [ RunTime:0.000000s ]
SQL: SELECT `name` FROM `app_pro_img` WHERE ( `n_id` = 57 ) AND ( `type` = 1 ) AND ( `flag` = 1 ) LIMIT 1   [ RunTime:0.000000s ]
SQL: SELECT `name` FROM `app_pro_img` WHERE ( `n_id` = 57 ) AND ( `type` = 1 ) ORDER BY f_id asc LIMIT 1   [ RunTime:0.001000s ]
SQL: SELECT `name` FROM `app_pro_img` WHERE ( `n_id` = 56 ) AND ( `type` = 1 ) AND ( `flag` = 1 ) LIMIT 1   [ RunTime:0.001000s ]
SQL: SELECT `name` FROM `app_pro_img` WHERE ( `n_id` = 56 ) AND ( `type` = 1 ) ORDER BY f_id asc LIMIT 1   [ RunTime:0.001000s ]
SQL: SELECT `name` FROM `app_pro_img` WHERE ( `n_id` = 51 ) AND ( `type` = 1 ) AND ( `flag` = 1 ) LIMIT 1   [ RunTime:0.000000s ]
SQL: SELECT `name` FROM `app_pro_img` WHERE ( `n_id` = 51 ) AND ( `type` = 1 ) ORDER BY f_id asc LIMIT 1   [ RunTime:0.001000s ]
SQL: SELECT `name` FROM `app_pro_img` WHERE ( `n_id` = 49 ) AND ( `type` = 1 ) AND ( `flag` = 1 ) LIMIT 1   [ RunTime:0.001000s ]
SQL: SELECT `name` FROM `app_pro_img` WHERE ( `n_id` = 49 ) AND ( `type` = 1 ) ORDER BY f_id asc LIMIT 1   [ RunTime:0.001000s ]
SQL: SELECT * FROM `app_products` WHERE ( `istui` = 1 ) ORDER BY date_time desc,id desc LIMIT 20   [ RunTime:0.000000s ]
SQL: SELECT `name` FROM `app_pro_img` WHERE ( `n_id` = 49 ) AND ( `type` = 1 ) AND ( `flag` = 1 ) LIMIT 1   [ RunTime:0.000000s ]
SQL: SELECT `name` FROM `app_pro_img` WHERE ( `n_id` = 49 ) AND ( `type` = 1 ) ORDER BY f_id asc LIMIT 1   [ RunTime:0.001000s ]
SQL: SELECT `name` FROM `app_pro_img` WHERE ( `n_id` = 32 ) AND ( `type` = 1 ) AND ( `flag` = 1 ) LIMIT 1   [ RunTime:0.001000s ]
SQL: SELECT `name` FROM `app_pro_img` WHERE ( `n_id` = 32 ) AND ( `type` = 1 ) ORDER BY f_id asc LIMIT 1   [ RunTime:0.001000s ]
SQL: SELECT `name` FROM `app_pro_img` WHERE ( `n_id` = 29 ) AND ( `type` = 1 ) AND ( `flag` = 1 ) LIMIT 1   [ RunTime:0.001000s ]
SQL: SELECT `name` FROM `app_pro_img` WHERE ( `n_id` = 29 ) AND ( `type` = 1 ) ORDER BY f_id asc LIMIT 1   [ RunTime:0.001000s ]
SQL: SELECT `name` FROM `app_pro_img` WHERE ( `n_id` = 44 ) AND ( `type` = 1 ) AND ( `flag` = 1 ) LIMIT 1   [ RunTime:0.001000s ]
SQL: SELECT `name` FROM `app_pro_img` WHERE ( `n_id` = 44 ) AND ( `type` = 1 ) ORDER BY f_id asc LIMIT 1   [ RunTime:0.001000s ]
SQL: SELECT `name` FROM `app_pro_img` WHERE ( `n_id` = 41 ) AND ( `type` = 1 ) AND ( `flag` = 1 ) LIMIT 1   [ RunTime:0.001000s ]
SQL: SELECT `name` FROM `app_pro_img` WHERE ( `n_id` = 41 ) AND ( `type` = 1 ) ORDER BY f_id asc LIMIT 1   [ RunTime:0.001000s ]
SQL: SELECT `name` FROM `app_pro_img` WHERE ( `n_id` = 30 ) AND ( `type` = 1 ) AND ( `flag` = 1 ) LIMIT 1   [ RunTime:0.000000s ]
SQL: SELECT `name` FROM `app_pro_img` WHERE ( `n_id` = 30 ) AND ( `type` = 1 ) ORDER BY f_id asc LIMIT 1   [ RunTime:0.000000s ]
SQL: SELECT `name` FROM `app_pro_img` WHERE ( `n_id` = 21 ) AND ( `type` = 1 ) AND ( `flag` = 1 ) LIMIT 1   [ RunTime:0.000000s ]
SQL: SELECT `name` FROM `app_pro_img` WHERE ( `n_id` = 21 ) AND ( `type` = 1 ) ORDER BY f_id asc LIMIT 1   [ RunTime:0.000000s ]
SQL: SELECT `name` FROM `app_pro_img` WHERE ( `n_id` = 42 ) AND ( `type` = 1 ) AND ( `flag` = 1 ) LIMIT 1   [ RunTime:0.000000s ]
SQL: SELECT `name` FROM `app_pro_img` WHERE ( `n_id` = 42 ) AND ( `type` = 1 ) ORDER BY f_id asc LIMIT 1   [ RunTime:0.000000s ]
SQL: SELECT `name` FROM `app_pro_img` WHERE ( `n_id` = 46 ) AND ( `type` = 1 ) AND ( `flag` = 1 ) LIMIT 1   [ RunTime:0.000000s ]
SQL: SELECT `name` FROM `app_pro_img` WHERE ( `n_id` = 46 ) AND ( `type` = 1 ) ORDER BY f_id asc LIMIT 1   [ RunTime:0.000000s ]
SQL: SELECT `name` FROM `app_pro_img` WHERE ( `n_id` = 50 ) AND ( `type` = 1 ) AND ( `flag` = 1 ) LIMIT 1   [ RunTime:0.000000s ]
SQL: SELECT `name` FROM `app_pro_img` WHERE ( `n_id` = 50 ) AND ( `type` = 1 ) ORDER BY f_id asc LIMIT 1   [ RunTime:0.001000s ]
SQL: SELECT `name` FROM `app_pro_img` WHERE ( `n_id` = 26 ) AND ( `type` = 1 ) AND ( `flag` = 1 ) LIMIT 1   [ RunTime:0.000000s ]
SQL: SELECT `name` FROM `app_pro_img` WHERE ( `n_id` = 26 ) AND ( `type` = 1 ) ORDER BY f_id asc LIMIT 1   [ RunTime:0.000000s ]
SQL: SELECT `name` FROM `app_pro_img` WHERE ( `n_id` = 34 ) AND ( `type` = 1 ) AND ( `flag` = 1 ) LIMIT 1   [ RunTime:0.000000s ]
SQL: SELECT `name` FROM `app_pro_img` WHERE ( `n_id` = 34 ) AND ( `type` = 1 ) ORDER BY f_id asc LIMIT 1   [ RunTime:0.001000s ]
SQL: SELECT `name` FROM `app_pro_img` WHERE ( `n_id` = 53 ) AND ( `type` = 1 ) AND ( `flag` = 1 ) LIMIT 1   [ RunTime:0.001000s ]
SQL: SELECT `name` FROM `app_pro_img` WHERE ( `n_id` = 53 ) AND ( `type` = 1 ) ORDER BY f_id asc LIMIT 1   [ RunTime:0.001000s ]
SQL: SELECT `name` FROM `app_pro_img` WHERE ( `n_id` = 58 ) AND ( `type` = 1 ) AND ( `flag` = 1 ) LIMIT 1   [ RunTime:0.001000s ]
SQL: SELECT `name` FROM `app_pro_img` WHERE ( `n_id` = 58 ) AND ( `type` = 1 ) ORDER BY f_id asc LIMIT 1   [ RunTime:0.001000s ]
SQL: SELECT `name` FROM `app_pro_img` WHERE ( `n_id` = 43 ) AND ( `type` = 1 ) AND ( `flag` = 1 ) LIMIT 1   [ RunTime:0.001000s ]
SQL: SELECT `name` FROM `app_pro_img` WHERE ( `n_id` = 43 ) AND ( `type` = 1 ) ORDER BY f_id asc LIMIT 1   [ RunTime:0.001000s ]
SQL: SELECT `name` FROM `app_pro_img` WHERE ( `n_id` = 54 ) AND ( `type` = 1 ) AND ( `flag` = 1 ) LIMIT 1   [ RunTime:0.001000s ]
SQL: SELECT `name` FROM `app_pro_img` WHERE ( `n_id` = 54 ) AND ( `type` = 1 ) ORDER BY f_id asc LIMIT 1   [ RunTime:0.001000s ]
SQL: SELECT `name` FROM `app_pro_img` WHERE ( `n_id` = 35 ) AND ( `type` = 1 ) AND ( `flag` = 1 ) LIMIT 1   [ RunTime:0.000000s ]
SQL: SELECT `name` FROM `app_pro_img` WHERE ( `n_id` = 35 ) AND ( `type` = 1 ) ORDER BY f_id asc LIMIT 1   [ RunTime:0.000000s ]
SQL: SELECT `name` FROM `app_pro_img` WHERE ( `n_id` = 55 ) AND ( `type` = 1 ) AND ( `flag` = 1 ) LIMIT 1   [ RunTime:0.000000s ]
SQL: SELECT `name` FROM `app_pro_img` WHERE ( `n_id` = 55 ) AND ( `type` = 1 ) ORDER BY f_id asc LIMIT 1   [ RunTime:0.000000s ]
SQL: SELECT `name` FROM `app_pro_img` WHERE ( `n_id` = 47 ) AND ( `type` = 1 ) AND ( `flag` = 1 ) LIMIT 1   [ RunTime:0.000000s ]
SQL: SELECT `name` FROM `app_pro_img` WHERE ( `n_id` = 47 ) AND ( `type` = 1 ) ORDER BY f_id asc LIMIT 1   [ RunTime:0.000000s ]
SQL: SELECT `name` FROM `app_pro_img` WHERE ( `n_id` = 25 ) AND ( `type` = 1 ) AND ( `flag` = 1 ) LIMIT 1   [ RunTime:0.000000s ]
SQL: SELECT `name` FROM `app_pro_img` WHERE ( `n_id` = 25 ) AND ( `type` = 1 ) ORDER BY f_id asc LIMIT 1   [ RunTime:0.000000s ]
INFO: [ view_parse ] --START--
INFO: [ template_filter ] --START--
INFO: Run Behavior\ContentReplaceBehavior [ RunTime:0.001000s ]
INFO: [ template_filter ] --END-- [ RunTime:0.001000s ]
NOTIC: [8] Undefined variable: userInfo D:\wamp\www\zhongmai\Public\Runtime\Cache\Home\e5566efc90b3afb326c01c2bd4b047bb.php ç¬¬ 30 è¡Œ.
NOTIC: [8] Undefined index: order D:\wamp\www\zhongmai\Public\Runtime\Cache\Home\e5566efc90b3afb326c01c2bd4b047bb.php ç¬¬ 238 è¡Œ.
NOTIC: [8] Undefined index: sort D:\wamp\www\zhongmai\Public\Runtime\Cache\Home\e5566efc90b3afb326c01c2bd4b047bb.php ç¬¬ 238 è¡Œ.
NOTIC: [8] Undefined index: order D:\wamp\www\zhongmai\Public\Runtime\Cache\Home\e5566efc90b3afb326c01c2bd4b047bb.php ç¬¬ 240 è¡Œ.
NOTIC: [8] Undefined index: sort D:\wamp\www\zhongmai\Public\Runtime\Cache\Home\e5566efc90b3afb326c01c2bd4b047bb.php ç¬¬ 240 è¡Œ.
INFO: Run Behavior\ParseTemplateBehavior [ RunTime:0.165009s ]
INFO: [ view_parse ] --END-- [ RunTime:0.165009s ]
INFO: [ view_filter ] --START--
INFO: Run Behavior\WriteHtmlCacheBehavior [ RunTime:0.000000s ]
INFO: [ view_filter ] --END-- [ RunTime:0.000000s ]
INFO: [ app_end ] --START--
INFO: Run Behavior\ShowPageTraceBehavior [ RunTime:0.001000s ]
INFO: [ app_end ] --END-- [ RunTime:0.001000s ]

[ 2017-12-28T17:25:24+08:00 ] 127.0.0.1 /
INFO: [ app_init ] --START--
INFO: Run Behavior\BuildLiteBehavior [ RunTime:0.000000s ]
INFO: [ app_init ] --END-- [ RunTime:0.001000s ]
INFO: [ app_begin ] --START--
INFO: Run Behavior\ReadHtmlCacheBehavior [ RunTime:0.001000s ]
INFO: [ app_begin ] --END-- [ RunTime:0.001000s ]
NOTIC: [8192] mysql_connect(): The mysql extension is deprecated and will be removed in the future: use mysqli or PDO instead D:\wamp\www\zhongmai\Libs\ThinkPHP\Library\Think\Db\Driver\Mysql.class.php ç¬¬ 52 è¡Œ.
SQL: SHOW COLUMNS FROM `app_about` [ RunTime:0.005000s ]
SQL: SELECT * FROM `app_about`  [ RunTime:0.000000s ]
NOTIC: [8] Undefined index: key D:\wamp\www\zhongmai\App\Home\Controller\CommonController.class.php ç¬¬ 34 è¡Œ.
SQL: SHOW COLUMNS FROM `app_banners` [ RunTime:0.004000s ]
SQL: SELECT * FROM `app_banners` WHERE ( `type` = 1 ) AND ( `display` = 1 ) ORDER BY sort asc  [ RunTime:0.001000s ]
SQL: SHOW COLUMNS FROM `app_products` [ RunTime:0.004000s ]
SQL: SELECT * FROM `app_products` ORDER BY hit desc,id desc LIMIT 16   [ RunTime:0.001000s ]
SQL: SHOW COLUMNS FROM `app_pro_img` [ RunTime:0.006000s ]
SQL: SELECT `name` FROM `app_pro_img` WHERE ( `n_id` = 40 ) AND ( `type` = 1 ) AND ( `flag` = 1 ) LIMIT 1   [ RunTime:0.000000s ]
SQL: SELECT `name` FROM `app_pro_img` WHERE ( `n_id` = 40 ) AND ( `type` = 1 ) ORDER BY f_id asc LIMIT 1   [ RunTime:0.001000s ]
SQL: SELECT `name` FROM `app_pro_img` WHERE ( `n_id` = 39 ) AND ( `type` = 1 ) AND ( `flag` = 1 ) LIMIT 1   [ RunTime:0.000000s ]
SQL: SELECT `name` FROM `app_pro_img` WHERE ( `n_id` = 39 ) AND ( `type` = 1 ) ORDER BY f_id asc LIMIT 1   [ RunTime:0.001000s ]
SQL: SELECT `name` FROM `app_pro_img` WHERE ( `n_id` = 37 ) AND ( `type` = 1 ) AND ( `flag` = 1 ) LIMIT 1   [ RunTime:0.000000s ]
SQL: SELECT `name` FROM `app_pro_img` WHERE ( `n_id` = 37 ) AND ( `type` = 1 ) ORDER BY f_id asc LIMIT 1   [ RunTime:0.001000s ]
SQL: SELECT `name` FROM `app_pro_img` WHERE ( `n_id` = 33 ) AND ( `type` = 1 ) AND ( `flag` = 1 ) LIMIT 1   [ RunTime:0.001000s ]
SQL: SELECT `name` FROM `app_pro_img` WHERE ( `n_id` = 33 ) AND ( `type` = 1 ) ORDER BY f_id asc LIMIT 1   [ RunTime:0.001000s ]
SQL: SELECT `name` FROM `app_pro_img` WHERE ( `n_id` = 25 ) AND ( `type` = 1 ) AND ( `flag` = 1 ) LIMIT 1   [ RunTime:0.001001s ]
SQL: SELECT `name` FROM `app_pro_img` WHERE ( `n_id` = 25 ) AND ( `type` = 1 ) ORDER BY f_id asc LIMIT 1   [ RunTime:0.001000s ]
SQL: SELECT `name` FROM `app_pro_img` WHERE ( `n_id` = 57 ) AND ( `type` = 1 ) AND ( `flag` = 1 ) LIMIT 1   [ RunTime:0.001000s ]
SQL: SELECT `name` FROM `app_pro_img` WHERE ( `n_id` = 57 ) AND ( `type` = 1 ) ORDER BY f_id asc LIMIT 1   [ RunTime:0.001000s ]
SQL: SELECT `name` FROM `app_pro_img` WHERE ( `n_id` = 28 ) AND ( `type` = 1 ) AND ( `flag` = 1 ) LIMIT 1   [ RunTime:0.001000s ]
SQL: SELECT `name` FROM `app_pro_img` WHERE ( `n_id` = 28 ) AND ( `type` = 1 ) ORDER BY f_id asc LIMIT 1   [ RunTime:0.000000s ]
SQL: SELECT `name` FROM `app_pro_img` WHERE ( `n_id` = 46 ) AND ( `type` = 1 ) AND ( `flag` = 1 ) LIMIT 1   [ RunTime:0.000000s ]
SQL: SELECT `name` FROM `app_pro_img` WHERE ( `n_id` = 46 ) AND ( `type` = 1 ) ORDER BY f_id asc LIMIT 1   [ RunTime:0.000000s ]
SQL: SELECT `name` FROM `app_pro_img` WHERE ( `n_id` = 60 ) AND ( `type` = 1 ) AND ( `flag` = 1 ) LIMIT 1   [ RunTime:0.000000s ]
SQL: SELECT `name` FROM `app_pro_img` WHERE ( `n_id` = 60 ) AND ( `type` = 1 ) ORDER BY f_id asc LIMIT 1   [ RunTime:0.001000s ]
SQL: SELECT `name` FROM `app_pro_img` WHERE ( `n_id` = 59 ) AND ( `type` = 1 ) AND ( `flag` = 1 ) LIMIT 1   [ RunTime:0.001000s ]
SQL: SELECT `name` FROM `app_pro_img` WHERE ( `n_id` = 59 ) AND ( `type` = 1 ) ORDER BY f_id asc LIMIT 1   [ RunTime:0.001000s ]
SQL: SELECT `name` FROM `app_pro_img` WHERE ( `n_id` = 58 ) AND ( `type` = 1 ) AND ( `flag` = 1 ) LIMIT 1   [ RunTime:0.001000s ]
SQL: SELECT `name` FROM `app_pro_img` WHERE ( `n_id` = 58 ) AND ( `type` = 1 ) ORDER BY f_id asc LIMIT 1   [ RunTime:0.001000s ]
SQL: SELECT `name` FROM `app_pro_img` WHERE ( `n_id` = 56 ) AND ( `type` = 1 ) AND ( `flag` = 1 ) LIMIT 1   [ RunTime:0.001000s ]
SQL: SELECT `name` FROM `app_pro_img` WHERE ( `n_id` = 56 ) AND ( `type` = 1 ) ORDER BY f_id asc LIMIT 1   [ RunTime:0.001000s ]
SQL: SELECT `name` FROM `app_pro_img` WHERE ( `n_id` = 55 ) AND ( `type` = 1 ) AND ( `flag` = 1 ) LIMIT 1   [ RunTime:0.000000s ]
SQL: SELECT `name` FROM `app_pro_img` WHERE ( `n_id` = 55 ) AND ( `type` = 1 ) ORDER BY f_id asc LIMIT 1   [ RunTime:0.000000s ]
SQL: SELECT `name` FROM `app_pro_img` WHERE ( `n_id` = 44 ) AND ( `type` = 1 ) AND ( `flag` = 1 ) LIMIT 1   [ RunTime:0.000000s ]
SQL: SELECT `name` FROM `app_pro_img` WHERE ( `n_id` = 44 ) AND ( `type` = 1 ) ORDER BY f_id asc LIMIT 1   [ RunTime:0.000000s ]
SQL: SELECT `name` FROM `app_pro_img` WHERE ( `n_id` = 32 ) AND ( `type` = 1 ) AND ( `flag` = 1 ) LIMIT 1   [ RunTime:0.000000s ]
SQL: SELECT `name` FROM `app_pro_img` WHERE ( `n_id` = 32 ) AND ( `type` = 1 ) ORDER BY f_id asc LIMIT 1   [ RunTime:0.000000s ]
SQL: SELECT `name` FROM `app_pro_img` WHERE ( `n_id` = 27 ) AND ( `type` = 1 ) AND ( `flag` = 1 ) LIMIT 1   [ RunTime:0.000000s ]
SQL: SELECT `name` FROM `app_pro_img` WHERE ( `n_id` = 27 ) AND ( `type` = 1 ) ORDER BY f_id asc LIMIT 1   [ RunTime:0.000000s ]
SQL: SELECT * FROM `app_products` WHERE ( `ishui` = 1 ) ORDER BY id desc LIMIT 12   [ RunTime:0.000000s ]
SQL: SELECT `name` FROM `app_pro_img` WHERE ( `n_id` = 57 ) AND ( `type` = 1 ) AND ( `flag` = 1 ) LIMIT 1   [ RunTime:0.000000s ]
SQL: SELECT `name` FROM `app_pro_img` WHERE ( `n_id` = 57 ) AND ( `type` = 1 ) ORDER BY f_id asc LIMIT 1   [ RunTime:0.001000s ]
SQL: SELECT `name` FROM `app_pro_img` WHERE ( `n_id` = 56 ) AND ( `type` = 1 ) AND ( `flag` = 1 ) LIMIT 1   [ RunTime:0.000000s ]
SQL: SELECT `name` FROM `app_pro_img` WHERE ( `n_id` = 56 ) AND ( `type` = 1 ) ORDER BY f_id asc LIMIT 1   [ RunTime:0.001000s ]
SQL: SELECT `name` FROM `app_pro_img` WHERE ( `n_id` = 51 ) AND ( `type` = 1 ) AND ( `flag` = 1 ) LIMIT 1   [ RunTime:0.000000s ]
SQL: SELECT `name` FROM `app_pro_img` WHERE ( `n_id` = 51 ) AND ( `type` = 1 ) ORDER BY f_id asc LIMIT 1   [ RunTime:0.001000s ]
SQL: SELECT `name` FROM `app_pro_img` WHERE ( `n_id` = 49 ) AND ( `type` = 1 ) AND ( `flag` = 1 ) LIMIT 1   [ RunTime:0.001001s ]
SQL: SELECT `name` FROM `app_pro_img` WHERE ( `n_id` = 49 ) AND ( `type` = 1 ) ORDER BY f_id asc LIMIT 1   [ RunTime:0.001000s ]
SQL: SELECT * FROM `app_products` WHERE ( `istui` = 1 ) ORDER BY date_time desc,id desc LIMIT 20   [ RunTime:0.000000s ]
SQL: SELECT `name` FROM `app_pro_img` WHERE ( `n_id` = 49 ) AND ( `type` = 1 ) AND ( `flag` = 1 ) LIMIT 1   [ RunTime:0.000000s ]
SQL: SELECT `name` FROM `app_pro_img` WHERE ( `n_id` = 49 ) AND ( `type` = 1 ) ORDER BY f_id asc LIMIT 1   [ RunTime:0.001000s ]
SQL: SELECT `name` FROM `app_pro_img` WHERE ( `n_id` = 32 ) AND ( `type` = 1 ) AND ( `flag` = 1 ) LIMIT 1   [ RunTime:0.001000s ]
SQL: SELECT `name` FROM `app_pro_img` WHERE ( `n_id` = 32 ) AND ( `type` = 1 ) ORDER BY f_id asc LIMIT 1   [ RunTime:0.001000s ]
SQL: SELECT `name` FROM `app_pro_img` WHERE ( `n_id` = 29 ) AND ( `type` = 1 ) AND ( `flag` = 1 ) LIMIT 1   [ RunTime:0.001000s ]
SQL: SELECT `name` FROM `app_pro_img` WHERE ( `n_id` = 29 ) AND ( `type` = 1 ) ORDER BY f_id asc LIMIT 1   [ RunTime:0.001000s ]
SQL: SELECT `name` FROM `app_pro_img` WHERE ( `n_id` = 44 ) AND ( `type` = 1 ) AND ( `flag` = 1 ) LIMIT 1   [ RunTime:0.001000s ]
SQL: SELECT `name` FROM `app_pro_img` WHERE ( `n_id` = 44 ) AND ( `type` = 1 ) ORDER BY f_id asc LIMIT 1   [ RunTime:0.001000s ]
SQL: SELECT `name` FROM `app_pro_img` WHERE ( `n_id` = 41 ) AND ( `type` = 1 ) AND ( `flag` = 1 ) LIMIT 1   [ RunTime:0.001000s ]
SQL: SELECT `name` FROM `app_pro_img` WHERE ( `n_id` = 41 ) AND ( `type` = 1 ) ORDER BY f_id asc LIMIT 1   [ RunTime:0.000000s ]
SQL: SELECT `name` FROM `app_pro_img` WHERE ( `n_id` = 30 ) AND ( `type` = 1 ) AND ( `flag` = 1 ) LIMIT 1   [ RunTime:0.000000s ]
SQL: SELECT `name` FROM `app_pro_img` WHERE ( `n_id` = 30 ) AND ( `type` = 1 ) ORDER BY f_id asc LIMIT 1   [ RunTime:0.000000s ]
SQL: SELECT `name` FROM `app_pro_img` WHERE ( `n_id` = 21 ) AND ( `type` = 1 ) AND ( `flag` = 1 ) LIMIT 1   [ RunTime:0.000000s ]
SQL: SELECT `name` FROM `app_pro_img` WHERE ( `n_id` = 21 ) AND ( `type` = 1 ) ORDER BY f_id asc LIMIT 1   [ RunTime:0.000000s ]
SQL: SELECT `name` FROM `app_pro_img` WHERE ( `n_id` = 42 ) AND ( `type` = 1 ) AND ( `flag` = 1 ) LIMIT 1   [ RunTime:0.000000s ]
SQL: SELECT `name` FROM `app_pro_img` WHERE ( `n_id` = 42 ) AND ( `type` = 1 ) ORDER BY f_id asc LIMIT 1   [ RunTime:0.000000s ]
SQL: SELECT `name` FROM `app_pro_img` WHERE ( `n_id` = 46 ) AND ( `type` = 1 ) AND ( `flag` = 1 ) LIMIT 1   [ RunTime:0.000000s ]
SQL: SELECT `name` FROM `app_pro_img` WHERE ( `n_id` = 46 ) AND ( `type` = 1 ) ORDER BY f_id asc LIMIT 1   [ RunTime:0.000000s ]
SQL: SELECT `name` FROM `app_pro_img` WHERE ( `n_id` = 50 ) AND ( `type` = 1 ) AND ( `flag` = 1 ) LIMIT 1   [ RunTime:0.000000s ]
SQL: SELECT `name` FROM `app_pro_img` WHERE ( `n_id` = 50 ) AND ( `type` = 1 ) ORDER BY f_id asc LIMIT 1   [ RunTime:0.000000s ]
SQL: SELECT `name` FROM `app_pro_img` WHERE ( `n_id` = 26 ) AND ( `type` = 1 ) AND ( `flag` = 1 ) LIMIT 1   [ RunTime:0.000000s ]
SQL: SELECT `name` FROM `app_pro_img` WHERE ( `n_id` = 26 ) AND ( `type` = 1 ) ORDER BY f_id asc LIMIT 1   [ RunTime:0.000000s ]
SQL: SELECT `name` FROM `app_pro_img` WHERE ( `n_id` = 34 ) AND ( `type` = 1 ) AND ( `flag` = 1 ) LIMIT 1   [ RunTime:0.000000s ]
SQL: SELECT `name` FROM `app_pro_img` WHERE ( `n_id` = 34 ) AND ( `type` = 1 ) ORDER BY f_id asc LIMIT 1   [ RunTime:0.000000s ]
SQL: SELECT `name` FROM `app_pro_img` WHERE ( `n_id` = 53 ) AND ( `type` = 1 ) AND ( `flag` = 1 ) LIMIT 1   [ RunTime:0.000000s ]
SQL: SELECT `name` FROM `app_pro_img` WHERE ( `n_id` = 53 ) AND ( `type` = 1 ) ORDER BY f_id asc LIMIT 1   [ RunTime:0.000000s ]
SQL: SELECT `name` FROM `app_pro_img` WHERE ( `n_id` = 58 ) AND ( `type` = 1 ) AND ( `flag` = 1 ) LIMIT 1   [ RunTime:0.000000s ]
SQL: SELECT `name` FROM `app_pro_img` WHERE ( `n_id` = 58 ) AND ( `type` = 1 ) ORDER BY f_id asc LIMIT 1   [ RunTime:0.000000s ]
SQL: SELECT `name` FROM `app_pro_img` WHERE ( `n_id` = 43 ) AND ( `type` = 1 ) AND ( `flag` = 1 ) LIMIT 1   [ RunTime:0.000000s ]
SQL: SELECT `name` FROM `app_pro_img` WHERE ( `n_id` = 43 ) AND ( `type` = 1 ) ORDER BY f_id asc LIMIT 1   [ RunTime:0.000000s ]
SQL: SELECT `name` FROM `app_pro_img` WHERE ( `n_id` = 54 ) AND ( `type` = 1 ) AND ( `flag` = 1 ) LIMIT 1   [ RunTime:0.000000s ]
SQL: SELECT `name` FROM `app_pro_img` WHERE ( `n_id` = 54 ) AND ( `type` = 1 ) ORDER BY f_id asc LIMIT 1   [ RunTime:0.000000s ]
SQL: SELECT `name` FROM `app_pro_img` WHERE ( `n_id` = 35 ) AND ( `type` = 1 ) AND ( `flag` = 1 ) LIMIT 1   [ RunTime:0.000000s ]
SQL: SELECT `name` FROM `app_pro_img` WHERE ( `n_id` = 35 ) AND ( `type` = 1 ) ORDER BY f_id asc LIMIT 1   [ RunTime:0.001000s ]
SQL: SELECT `name` FROM `app_pro_img` WHERE ( `n_id` = 55 ) AND ( `type` = 1 ) AND ( `flag` = 1 ) LIMIT 1   [ RunTime:0.000000s ]
SQL: SELECT `name` FROM `app_pro_img` WHERE ( `n_id` = 55 ) AND ( `type` = 1 ) ORDER BY f_id asc LIMIT 1   [ RunTime:0.001000s ]
SQL: SELECT `name` FROM `app_pro_img` WHERE ( `n_id` = 47 ) AND ( `type` = 1 ) AND ( `flag` = 1 ) LIMIT 1   [ RunTime:0.001000s ]
SQL: SELECT `name` FROM `app_pro_img` WHERE ( `n_id` = 47 ) AND ( `type` = 1 ) ORDER BY f_id asc LIMIT 1   [ RunTime:0.001000s ]
SQL: SELECT `name` FROM `app_pro_img` WHERE ( `n_id` = 25 ) AND ( `type` = 1 ) AND ( `flag` = 1 ) LIMIT 1   [ RunTime:0.001000s ]
SQL: SELECT `name` FROM `app_pro_img` WHERE ( `n_id` = 25 ) AND ( `type` = 1 ) ORDER BY f_id asc LIMIT 1   [ RunTime:0.001000s ]
INFO: [ view_parse ] --START--
INFO: [ template_filter ] --START--
INFO: Run Behavior\ContentReplaceBehavior [ RunTime:0.000000s ]
INFO: [ template_filter ] --END-- [ RunTime:0.000000s ]
NOTIC: [8] Undefined variable: userInfo D:\wamp\www\zhongmai\Public\Runtime\Cache\Home\e5566efc90b3afb326c01c2bd4b047bb.php ç¬¬ 30 è¡Œ.
NOTIC: [8] Undefined index: order D:\wamp\www\zhongmai\Public\Runtime\Cache\Home\e5566efc90b3afb326c01c2bd4b047bb.php ç¬¬ 238 è¡Œ.
NOTIC: [8] Undefined index: sort D:\wamp\www\zhongmai\Public\Runtime\Cache\Home\e5566efc90b3afb326c01c2bd4b047bb.php ç¬¬ 238 è¡Œ.
NOTIC: [8] Undefined index: order D:\wamp\www\zhongmai\Public\Runtime\Cache\Home\e5566efc90b3afb326c01c2bd4b047bb.php ç¬¬ 240 è¡Œ.
NOTIC: [8] Undefined index: sort D:\wamp\www\zhongmai\Public\Runtime\Cache\Home\e5566efc90b3afb326c01c2bd4b047bb.php ç¬¬ 240 è¡Œ.
INFO: Run Behavior\ParseTemplateBehavior [ RunTime:0.035002s ]
INFO: [ view_parse ] --END-- [ RunTime:0.035002s ]
INFO: [ view_filter ] --START--
INFO: Run Behavior\WriteHtmlCacheBehavior [ RunTime:0.001000s ]
INFO: [ view_filter ] --END-- [ RunTime:0.001000s ]
INFO: [ app_end ] --START--
INFO: Run Behavior\ShowPageTraceBehavior [ RunTime:0.000000s ]
INFO: [ app_end ] --END-- [ RunTime:0.000000s ]

