[ 2017-11-29T19:23:31+08:00 ] 127.0.0.1 /app/index/index.html
INFO: [ app_init ] --START--
INFO: Run Behavior\BuildLiteBehavior [ RunTime:0.000000s ]
INFO: [ app_init ] --END-- [ RunTime:0.001000s ]
INFO: [ app_begin ] --START--
INFO: Run Behavior\ReadHtmlCacheBehavior [ RunTime:0.001000s ]
INFO: [ app_begin ] --END-- [ RunTime:0.001000s ]
NOTIC: [8192] mysql_connect(): The mysql extension is deprecated and will be removed in the future: use mysqli or PDO instead D:\wamp\www\zhongmai\Libs\ThinkPHP\Library\Think\Db\Driver\Mysql.class.php ç¬¬ 52 è¡Œ.
NOTIC: [2] mysql_connect():  D:\wamp\www\zhongmai\Libs\ThinkPHP\Library\Think\Db\Driver\Mysql.class.php ç¬¬ 52 è¡Œ.
ERR: Accès refusé pour l'utilisateur: 'a0824181402'@'@localhost' (mot de passe: OUI)

[ 2017-11-29T19:23:32+08:00 ] 127.0.0.1 /app/index/index.html
INFO: [ app_init ] --START--
INFO: Run Behavior\BuildLiteBehavior [ RunTime:0.000000s ]
INFO: [ app_init ] --END-- [ RunTime:0.001000s ]
INFO: [ app_begin ] --START--
INFO: Run Behavior\ReadHtmlCacheBehavior [ RunTime:0.001000s ]
INFO: [ app_begin ] --END-- [ RunTime:0.001000s ]
NOTIC: [8192] mysql_connect(): The mysql extension is deprecated and will be removed in the future: use mysqli or PDO instead D:\wamp\www\zhongmai\Libs\ThinkPHP\Library\Think\Db\Driver\Mysql.class.php ç¬¬ 52 è¡Œ.
NOTIC: [2] mysql_connect():  D:\wamp\www\zhongmai\Libs\ThinkPHP\Library\Think\Db\Driver\Mysql.class.php ç¬¬ 52 è¡Œ.
ERR: Accès refusé pour l'utilisateur: 'a0824181402'@'@localhost' (mot de passe: OUI)

[ 2017-11-29T19:23:33+08:00 ] 127.0.0.1 /app/index/index.html
INFO: [ app_init ] --START--
INFO: Run Behavior\BuildLiteBehavior [ RunTime:0.000000s ]
INFO: [ app_init ] --END-- [ RunTime:0.001000s ]
INFO: [ app_begin ] --START--
INFO: Run Behavior\ReadHtmlCacheBehavior [ RunTime:0.001000s ]
INFO: [ app_begin ] --END-- [ RunTime:0.001000s ]
NOTIC: [8192] mysql_connect(): The mysql extension is deprecated and will be removed in the future: use mysqli or PDO instead D:\wamp\www\zhongmai\Libs\ThinkPHP\Library\Think\Db\Driver\Mysql.class.php ç¬¬ 52 è¡Œ.
NOTIC: [2] mysql_connect():  D:\wamp\www\zhongmai\Libs\ThinkPHP\Library\Think\Db\Driver\Mysql.class.php ç¬¬ 52 è¡Œ.
ERR: Accès refusé pour l'utilisateur: 'a0824181402'@'@localhost' (mot de passe: OUI)

[ 2017-11-29T19:24:17+08:00 ] 127.0.0.1 /app/index/index.html
INFO: [ app_init ] --START--
INFO: Run Behavior\BuildLiteBehavior [ RunTime:0.001000s ]
INFO: [ app_init ] --END-- [ RunTime:0.001000s ]
INFO: [ app_begin ] --START--
INFO: Run Behavior\ReadHtmlCacheBehavior [ RunTime:0.001000s ]
INFO: [ app_begin ] --END-- [ RunTime:0.001000s ]
INFO: [ view_parse ] --START--
INFO: [ template_filter ] --START--
INFO: Run Behavior\ContentReplaceBehavior [ RunTime:0.000000s ]
INFO: [ template_filter ] --END-- [ RunTime:0.001000s ]
NOTIC: [8] Undefined variable: keys D:\wamp\www\zhongmai\Public\Runtime\Cache\App\e97b4d7201bbafd6df98e9e550eede59.php ç¬¬ 24 è¡Œ.
NOTIC: [8] Undefined variable: banner D:\wamp\www\zhongmai\Public\Runtime\Cache\App\e97b4d7201bbafd6df98e9e550eede59.php ç¬¬ 44 è¡Œ.
NOTIC: [8] Undefined variable: hot D:\wamp\www\zhongmai\Public\Runtime\Cache\App\e97b4d7201bbafd6df98e9e550eede59.php ç¬¬ 64 è¡Œ.
NOTIC: [8] Undefined variable: act D:\wamp\www\zhongmai\Public\Runtime\Cache\App\e97b4d7201bbafd6df98e9e550eede59.php ç¬¬ 94 è¡Œ.
NOTIC: [8] Undefined variable: que D:\wamp\www\zhongmai\Public\Runtime\Cache\App\e97b4d7201bbafd6df98e9e550eede59.php ç¬¬ 141 è¡Œ.
INFO: Run Behavior\ParseTemplateBehavior [ RunTime:0.145009s ]
INFO: [ view_parse ] --END-- [ RunTime:0.146009s ]
INFO: [ view_filter ] --START--
INFO: Run Behavior\WriteHtmlCacheBehavior [ RunTime:0.001000s ]
INFO: [ view_filter ] --END-- [ RunTime:0.001000s ]
INFO: [ app_end ] --START--
INFO: Run Behavior\ShowPageTraceBehavior [ RunTime:0.011000s ]
INFO: [ app_end ] --END-- [ RunTime:0.011000s ]

[ 2017-11-29T19:24:26+08:00 ] 127.0.0.1 /app/index/lists.html
INFO: [ app_init ] --START--
INFO: Run Behavior\BuildLiteBehavior [ RunTime:0.000000s ]
INFO: [ app_init ] --END-- [ RunTime:0.001000s ]
INFO: [ app_begin ] --START--
INFO: Run Behavior\ReadHtmlCacheBehavior [ RunTime:0.001000s ]
INFO: [ app_begin ] --END-- [ RunTime:0.002000s ]
NOTIC: [8192] mysql_connect(): The mysql extension is deprecated and will be removed in the future: use mysqli or PDO instead D:\wamp\www\zhongmai\Libs\ThinkPHP\Library\Think\Db\Driver\Mysql.class.php ç¬¬ 52 è¡Œ.
NOTIC: [2] mysql_connect():  D:\wamp\www\zhongmai\Libs\ThinkPHP\Library\Think\Db\Driver\Mysql.class.php ç¬¬ 52 è¡Œ.
ERR: Accès refusé pour l'utilisateur: 'a0824181402'@'@localhost' (mot de passe: OUI)

[ 2017-11-29T19:24:29+08:00 ] 127.0.0.1 /app/index/lists.html
INFO: [ app_init ] --START--
INFO: Run Behavior\BuildLiteBehavior [ RunTime:0.000000s ]
INFO: [ app_init ] --END-- [ RunTime:0.001000s ]
INFO: [ app_begin ] --START--
INFO: Run Behavior\ReadHtmlCacheBehavior [ RunTime:0.001000s ]
INFO: [ app_begin ] --END-- [ RunTime:0.002000s ]
NOTIC: [8192] mysql_connect(): The mysql extension is deprecated and will be removed in the future: use mysqli or PDO instead D:\wamp\www\zhongmai\Libs\ThinkPHP\Library\Think\Db\Driver\Mysql.class.php ç¬¬ 52 è¡Œ.
NOTIC: [2] mysql_connect():  D:\wamp\www\zhongmai\Libs\ThinkPHP\Library\Think\Db\Driver\Mysql.class.php ç¬¬ 52 è¡Œ.
ERR: Accès refusé pour l'utilisateur: 'a0824181402'@'@localhost' (mot de passe: OUI)

[ 2017-11-29T19:25:17+08:00 ] 127.0.0.1 /app/index/index.html
INFO: [ app_init ] --START--
INFO: Run Behavior\BuildLiteBehavior [ RunTime:0.000000s ]
INFO: [ app_init ] --END-- [ RunTime:0.001001s ]
INFO: [ app_begin ] --START--
INFO: Run Behavior\ReadHtmlCacheBehavior [ RunTime:0.001000s ]
INFO: [ app_begin ] --END-- [ RunTime:0.001000s ]
INFO: [ view_parse ] --START--
INFO: [ template_filter ] --START--
INFO: Run Behavior\ContentReplaceBehavior [ RunTime:0.001000s ]
INFO: [ template_filter ] --END-- [ RunTime:0.001000s ]
NOTIC: [8] Undefined variable: keys D:\wamp\www\zhongmai\Public\Runtime\Cache\App\e97b4d7201bbafd6df98e9e550eede59.php ç¬¬ 24 è¡Œ.
NOTIC: [8] Undefined variable: banner D:\wamp\www\zhongmai\Public\Runtime\Cache\App\e97b4d7201bbafd6df98e9e550eede59.php ç¬¬ 44 è¡Œ.
NOTIC: [8] Undefined variable: hot D:\wamp\www\zhongmai\Public\Runtime\Cache\App\e97b4d7201bbafd6df98e9e550eede59.php ç¬¬ 64 è¡Œ.
NOTIC: [8] Undefined variable: act D:\wamp\www\zhongmai\Public\Runtime\Cache\App\e97b4d7201bbafd6df98e9e550eede59.php ç¬¬ 94 è¡Œ.
NOTIC: [8] Undefined variable: que D:\wamp\www\zhongmai\Public\Runtime\Cache\App\e97b4d7201bbafd6df98e9e550eede59.php ç¬¬ 141 è¡Œ.
INFO: Run Behavior\ParseTemplateBehavior [ RunTime:0.039002s ]
INFO: [ view_parse ] --END-- [ RunTime:0.040002s ]
INFO: [ view_filter ] --START--
INFO: Run Behavior\WriteHtmlCacheBehavior [ RunTime:0.001000s ]
INFO: [ view_filter ] --END-- [ RunTime:0.001000s ]
INFO: [ app_end ] --START--
INFO: Run Behavior\ShowPageTraceBehavior [ RunTime:0.001001s ]
INFO: [ app_end ] --END-- [ RunTime:0.001001s ]

[ 2017-11-29T19:25:22+08:00 ] 127.0.0.1 /app/index/lists.html?keys=abc
INFO: [ app_init ] --START--
INFO: Run Behavior\BuildLiteBehavior [ RunTime:0.000000s ]
INFO: [ app_init ] --END-- [ RunTime:0.002001s ]
INFO: [ app_begin ] --START--
INFO: Run Behavior\ReadHtmlCacheBehavior [ RunTime:0.001000s ]
INFO: [ app_begin ] --END-- [ RunTime:0.003000s ]
NOTIC: [8192] mysql_connect(): The mysql extension is deprecated and will be removed in the future: use mysqli or PDO instead D:\wamp\www\zhongmai\Libs\ThinkPHP\Library\Think\Db\Driver\Mysql.class.php ç¬¬ 52 è¡Œ.
NOTIC: [2] mysql_connect():  D:\wamp\www\zhongmai\Libs\ThinkPHP\Library\Think\Db\Driver\Mysql.class.php ç¬¬ 52 è¡Œ.
ERR: Accès refusé pour l'utilisateur: 'a0824181402'@'@localhost' (mot de passe: OUI)

[ 2017-11-29T19:31:11+08:00 ] 127.0.0.1 /app/index/index.html
INFO: [ app_init ] --START--
INFO: Run Behavior\BuildLiteBehavior [ RunTime:0.000000s ]
INFO: [ app_init ] --END-- [ RunTime:0.001000s ]
INFO: [ app_begin ] --START--
INFO: Run Behavior\ReadHtmlCacheBehavior [ RunTime:0.001000s ]
INFO: [ app_begin ] --END-- [ RunTime:0.001000s ]
NOTIC: [8192] mysql_connect(): The mysql extension is deprecated and will be removed in the future: use mysqli or PDO instead D:\wamp\www\zhongmai\Libs\ThinkPHP\Library\Think\Db\Driver\Mysql.class.php ç¬¬ 52 è¡Œ.
NOTIC: [2] mysql_connect():  D:\wamp\www\zhongmai\Libs\ThinkPHP\Library\Think\Db\Driver\Mysql.class.php ç¬¬ 52 è¡Œ.
ERR: Accès refusé pour l'utilisateur: 'a0824181402'@'@localhost' (mot de passe: OUI)

